4228.2698
3468.91944
4419.27626
7819.34552
3368.79464
2686.35962
5270.74936
8706.24867
3651.5034
4171.20105
8104.45896
9357.94346
4382.80167
6482.81499
8814.10155
9794.27919
6067.42061
8830.78402
9607.24511
10347.4012
9260.24702
9626.41053
10656.6333
11276.9213
10563.9514
10939.4725
11335.1423
11915.095
4298.58194
3270.06139
4124.4162
7281.00028
3531.45978
2670.21023
4721.22828
8031.1344
3893.33854
3666.34731
7391.34793
8540.79011
4257.82946
6381.3759
8145.37691
9053.74173
6128.05532
8098.68195
9052.53205
9942.17288
9171.37241
9316.28995
9915.21208
10541.5963
10396.8733
10476.4258
10749.7935
11048.2164
4404.66401
3564.2699
4786.26417
7797.20068
3648.14931
2935.32544
5283.94723
8684.69031
3908.62158
4383.33563
8406.06217
9347.68332
4586.47414
6915.23586
8978.10117
10038.3071
6658.95138
8913.21127
9807.56784
10689.6277
9698.65197
10165.5755
10755.4025
11238.0469
10855.6189
11457.095
11685.1934
12301.2014
4596.16712
3866.03145
4319.69814
7763.3989
3607.60249
2862.1466
4847.48695
8443.75472
3825.31819
3863.17312
7830.0044
9006.07485
4713.89471
6867.29485
8609.03861
9648.91279
6583.11789
8637.72645
9380.14118
10370.7324
9653.71726
9711.3838
10646.2357
10867.3362
11158.0936
11328.0273
11791.0192
11703.0449
4773.27165
3941.72548
4793.15268
7880.41341
3614.95925
3276.82308
5289.92538
9114.87833
3628.41702
4205.32621
8105.80292
9688.37789
4836.75317
6859.45116
8959.89933
10163.6108
6820.81128
8934.23078
10163.4269
11117.5019
9823.49656
9936.35949
11031.4036
11746.5331
11377.3128
11830.2605
11980.945
12774.5888
4795.57339
3880.07757
4843.67846
8067.43564
3774.05972
3136.88251
5175.38888
8726.42632
3941.51449
4277.10762
8102.46255
9184.80461
4690.62879
6937.5184
8988.97911
9984.50986
6765.60398
8728.95657
9854.61959
10929.708
10066.2678
10262.4382
10817.3826
11913.3022
11381.3013
11595.1934
11906.3298
12452.6041
4839.03681
4065.51078
5018.17401
8336.14217
3640.8112
3316.27321
5473.07075
9082.03463
4027.17401
4293.84583
8299.36838
9957.88322
4776.96811
6606.60728
9467.23271
10780.8848
6624.9487
9062.03603
10458.6003
11621.3225
9785.59077
10404.8562
11472.5228
12156.2863
11525.3425
11936.2502
12375.7279
13314.1774
4969.39559
3890.50768
4890.35948
7983.0749
3893.35822
3203.54156
5357.31312
9367.10298
4101.18632
4303.5607
7971.70365
10092.7501
5127.71083
6851.5589
9380.39676
11041.6327
6746.44349
9291.42101
10525.6408
11937.8036
9863.07254
10798.7462
11887.4177
12858.8782
11767.1633
12076.6006
12889.7187
13507.9426
7934.53158
4831.25541
3980.09749
5045.52141
8629.95206
5279.39065
3244.21953
3781.74735
9099.01775
7539.84621
4121.81712
3937.43986
9618.76413
8467.00975
6598.70967
4841.25782
10987.88
9303.05784
8537.60494
6816.08334
11829.7393
11170.1365
9851.27758
9253.45762
12850.9677
12048.0957
11425.3057
11199.761
4750.93625
3855.65029
4940.94363
8134.34836
3881.19906
3205.05693
5312.68508
9151.38992
3935.04536
4264.04382
7926.17464
9813.11939
4841.10888
6910.84339
9391.96548
10762.2611
6727.27514
9053.46534
10465.2808
11681.5861
10168.0506
10674.4002
11874.6153
12935.7047
11624.2865
12303.6829
12791.9419
13432.2219
5107.60126
4028.92913
4975.38888
8308.92279
4018.29516
3274.00782
5685.02615
9553.20149
4123.65577
4305.13214
8289.12129
10855.2379
5098.42417
7043.44985
10076.0133
12110.6204
6895.768
9554.29807
11700.0358
13236.9852
9917.33284
11445.5047
12997.1311
13949.5942
12068.8807
13120.3574
13793.8736
14290.1871
5031.94528
4102.66518
5153.07552
8232.04385
4160.82738
3414.74255
5404.13339
9974.00686
4182.02241
4359.21921
8336.45056
12251.9211
5002.12285
6585.10486
11289.955
13569.4294
6853.02432
10373.2641
13279.4654
14180.8784
10193.7183
12982.8467
14247.2257
14643.9506
12962.4745
14283.7107
14575.9889
14844.635
7708.37886
4856.89286
4192.78805
4989.51279
7921.70963
4937.18204
3136.78705
3852.40887
8665.39242
6337.57781
4035.29609
4000.18103
10414.8361
7825.97924
5434.17548
4744.86835
11643.5638
9539.06754
7571.83381
6127.62129
12565.8239
11707.7061
10504.7453
8814.50462
13748.7504
13237.872
12597.8293
12119.4193
4959.48743
4342.50257
4890.33803
7943.14273
3881.96031
3362.82139
5479.76507
10031.7143
4267.40065
4364.23811
8154.27666
11862.0369
5075.17233
6910.98471
11174.5003
13411.9634
6920.81093
10133.6939
13253.8357
14193.5739
10068.3687
12821.4132
14237.6305
14673.034
13055.7841
14041.2878
14699.829
14778.1726
15024.0142
15024.0213
14967.5755
14967.1101
15023.8011
15017.6042
14992.4923
15049.0437
15034.0185
15025.84
15029.9122
15039.716
15034.0668
14985.3018
15007.3367
15034.6557
15018.7283
15001.7663
15030.5477
15032.7977
15018.5582
14998.3599
15014.375
15014.3177
15048.7824
15023.3662
15046.6433
15030.6282
15055.3947
15055.0671
15017.8852
15018.4902
15055.162
15040.6164
15029.3484
15031.4069
14971.3542
15006.1392
15043.1761
15037.3228
14971.1626
15024.4724
15033.8162
15058.5039
14992.8556
15008.7419
15037.8741
15048.4172
14992.3741
15049.0813
15043.5091
15015.2271
15006.2216
15027.7624
15009.1428
15012.1984
15042.8593
15042.6552
15019.7325
15020.3626
15042.8127
14997.9357
15008.6953
15052.434
15016.6698
15007.0199
15024.8931
15038.5293
15016.6644
15011.1101
15017.8387
15051.6482
15039.3849
15025.1938
15046.9315
15049.2997
15038.9338
15007.3546
15027.0464
15041.9714
15010.5247
15009.0587
15032.0709
15036.9004
15015.0892
15014.6704
15044.8426
15044.9357
15014.844
15034.7219
15039.8753
15016.097
15030.997
15032.6402
15011.7616
15014.2443
15031.0471
15086.1379
15049.0974
15041.6439
14952.9154
15019.2188
15023.6114
15032.5954
14952.8348
15034.4964
15029.1944
15041.3897
15013.9168
15024.4205
15003.0282
15022.4515
15020.5237
15020.3339
15004.1541
15004.6016
15020.2874
15011.3105
15007.5909
15021.9521
15027.1109
15018.952
15019.0254
15020.2874
15027.1109
15001.5855
15010.1775
15026.3376
15028.2744
15014.7795
15024.2594
15025.226
15028.1992
15022.6824
15023.2069
15055.2067
15030.2344
15026.2391
14988.0316
15021.6728
14984.6825
14984.2225
14986.5763
14986.7267
14984.5572
15074.7768
15030.6586
15043.8957
15030.2774
15052.6345
14986.3812
15015.3201
15029.9158
15025.754
15006.116
14999.7328
15015.057
15020.1102
15052.9567
15026.5255
15015.0051
15030.945
15041.9535
15018.6442
15014.3929
15022.7397
15026.6652
15022.8972
15040.9726
15040.5591
15032.5954
15032.5865
15041.0639
15004.0038
15018.3023
15021.544
15011.2228
15007.5301
15039.1826
15030.7088
15010.9436
15048.7913
15044.1087
15045.0091
15042.4368
15045.4602
15062.3703
15053.5044
15042.453
14980.9199
15021.4598
15038.6349
15002.9083
14991.9445
15018.3882
15028.5733
15000.7137
15000.7012
15024.6478
15024.8447
15000.3915
15063.2474
15043.8599
15027.9003
15055.6775
15059.338
15041.1642
15034.6056
15055.8708
15054.4871
15047.8355
14993.5394
14992.1844
15023.2964
14978.5643
14986.3239
14991.9445
15005.5109
14992.0161
15046.0634
14990.67
14998.1773
15008.6023
15027.2863
15025.4551
15025.4784
14993.9332
14994.4935
15025.371
15042.8647
15018.4329
15043.0884
15040.552
15041.5454
14999.7006
15021.4133
15040.4482
14976.8745
14988.3359
15022.763
15025.9581
15001.4548
15009.1733
15016.3762
15026.0673
15032.6384
15021.2325
15018.8411
14960.9238
14996.9028
15035.4093
15027.0733
15050.0909
15050.1714
15043.1135
15043.5377
15049.6523
15059.023
15051.1076
15027.7803
14994.1874
15026.7457
15038.8282
15033.5083
14994.1283
15020.384
15029.6562
15022.686
14960.3188
14990.2154
15043.7865
15033.3705
14960.0324
15051.3707
15047.7263
14990.9869
15007.4298
15029.2642
15011.5074
15001.2078
15073.0047
15073.1371
15045.3187
15045.0288
15072.8776
14997.762
15021.5207
15027.1252
15008.1727
15003.1177
15022.4085
15024.8662
15008.0348
15039.3455
15030.4349
15010.7503
15027.331
15033.0483
15016.8202
15013.881
15027.2165
15038.5167
15027.8967
15025.3441
15038.796
15038.8121
15000.4041
15012.832
15000.1553
14999.774
15015.5761
15015.73
15000.0353
14998.7412
15007.0092
15003.5473
15014.9908
15006.5294
15041.2196
15022.6914
15015.0284
15053.7174
15047.5885
15036.9899
14991.2715
15022.4014
14998.4261
15017.7796
14990.9797
15018.023
15008.4322
15027.5584
15013.2634
15015.1555
15028.4426
15028.1902
15016.3028
15016.6644
15021.5601
15021.8823
15016.1274
14979.1299
15000.3701
15044.907
15047.1553
15013.0074
15004.6213
15024.6031
15047.0586
14996.8026
15000.6045
15005.6201
14994.2339
14995.3956
15024.4223
15015.3899
14994.1176
15026.0172
15025.0398
15008.9871
15053.2681
15039.571
15010.5194
15009.7479
15030.7643
15030.9325
15040.2996
15040.7757
15030.2398
15009.2825
15024.7409
15018.8786
15013.2187
15011.3213
15033.0017
15026.0064
15012.9484
15027.9325
15030.5781
15047.3522
14995.9881
15011.9478
15023.0637
15035.1659
14995.3813
15053.1052
15038.2858
15033.5924
15007.2687
15030.2183
15034.0149
15033.9057
15034.2028
15034.4194
15022.7737
15022.8721
15034.142
14958.2531
14990.3657
15017.9156
15001.8898
14979.8925
15048.897
15033.3132
15001.8468
14971.7676
15010.4477
15042.7537
15030.1915
15001.2078
15023.726
15033.4099
15030.1431
15025.5536
15024.4438
15046.9709
15005.8546
15015.6155
15030.3919
15038.4827
14998.3581
14998.1719
14999.8903
15000.3181
14997.9947
15043.7006
15021.6621
15044.3862
15009.866
15026.5882
15033.7535
15039.2793
15009.4471
15018.3166
15026.3215
15004.1971
15019.9723
15019.1758
15024.911
15014.4914
15019.8184
15042.8754
15033.8574
14991.2822
15046.0938
15044.3289
15049.4375
15020.6024
15026.8048
15033.0626
15003.5831
15033.8323
14981.1992
15011.8135
15031.1742
15030.6372
15011.6435
15025.4408
15004.1738
14989.9487
14992.6641
15046.2227
15032.4433
15021.7301
15052.7992
14987.8204
15013.0558
15023.3179
15015.6602
15019.9133
14996.2244
15020.0797
15036.6551
15036.58
15011.7079
15009.5778
15028.4211
15031.1545
15045.6875
15007.0038
14993.0794
15010.9597
15030.0751
15042.9774
15009.5832
14976.3017
15017.486
15016.3834
14997.7226
15035.7136
15032.3162
15013.224
15025.7827
15026.1532
15038.6778
15024.0535
15047.3164
15027.1968
15000.7227
15063.1436
15013.156
15024.9396
14991.6671
15010.1721
15030.9558
15042.1683
15022.1651
14961.7973
15041.5687
15070.1496
15054.1076
15028.9921
14988.6259
15000.2215
15018.7211
15020.5237
15021.1734
15022.9831
15054.9794
15042.0162
14971.6942
15043.5305
15020.1907
15019.9348
15050.2717
15032.2106
15055.3929
15022.4945
15029.4826
14994.5722
14992.0734
15033.9934
15038.694
15008.6971
15009.3809
15014.7348
15035.4684
15045.9864
15050.7854
15011.4734
15066.5607
15024.8268
15052.7848
15026.7958
14977.9288
15008.7025
15011.3696
15016.4156
15025.618
15027.0339
15002.8957
15012.1661
15002.9745
15017.8959
15008.4662
15006.1052
15050.1696
15050.823
15055.767
15056.8983
