30.98,1.20,20.33
29.51,0.50,19.35
30.93,0.50,20.66
28.78,0.33,20.69
27.48,3.94,16.11
28.68,5.47,13.22
31.66,0.03,34.16
31.86,0.00,18.03
38.70,0.03,22.58
30.73,0.04,14.97
36.81,0.00,27.82
29.79,0.35,24.64
30.01,1.81,15.25
35.29,0.03,34.16
31.17,2.57,13.17
32.59,0.01,22.94
31.79,0.79,22.41
32.07,3.47,17.81
29.79,5.43,18.00
31.55,4.06,18.50
0.00,0.55,1.72
0.00,0.36,1.55
0.00,0.00,1.72
1.66,0.00,1.67
3.49,0.00,1.73
5.64,0.00,1.68
7.10,0.00,1.73
6.56,0.00,1.73
4.48,0.00,1.67
2.04,0.00,1.72
0.00,0.00,1.67
0.00,0.29,1.72